<?xml version="1.0" encoding="UTF-8"?>
<!-- Generated by org.testng.reporters.JUnitReportReporter -->
<testsuite skipped="0" hostname="DESKTOP-C481GVF" name="BDDIOTestNG.RunParallel" tests="5" failures="0" timestamp="27 Oct 2020 15:20:58 GMT" time="15.947" errors="0">
  <testcase name="runScenario" time="3.019" classname="BDDIOTestNG.RunParallel"/>
  <testcase name="runScenario" time="3.018" classname="BDDIOTestNG.RunParallel"/>
  <testcase name="runScenario" time="3.011" classname="BDDIOTestNG.RunParallel"/>
  <testcase name="runScenario" time="3.889" classname="BDDIOTestNG.RunParallel"/>
  <testcase name="runScenario" time="3.010" classname="BDDIOTestNG.RunParallel"/>
</testsuite> <!-- BDDIOTestNG.RunParallel -->
