<?xml version="1.0" encoding="UTF-8"?>
<!-- Generated by org.testng.reporters.JUnitReportReporter -->
<testsuite skipped="5" hostname="DESKTOP-C481GVF" name="runner.RunParallel" tests="5" failures="0" timestamp="08 Sep 2020 16:33:11 GMT" time="0.914" errors="0">
  <testcase name="runScenario" time="0.182" classname="runner.RunParallel">
    <skipped/>
  </testcase> <!-- runScenario -->
  <testcase name="runScenario" time="0.184" classname="runner.RunParallel">
    <skipped/>
  </testcase> <!-- runScenario -->
  <testcase name="runScenario" time="0.182" classname="runner.RunParallel">
    <skipped/>
  </testcase> <!-- runScenario -->
  <testcase name="runScenario" time="0.184" classname="runner.RunParallel">
    <skipped/>
  </testcase> <!-- runScenario -->
  <testcase name="runScenario" time="0.182" classname="runner.RunParallel">
    <skipped/>
  </testcase> <!-- runScenario -->
</testsuite> <!-- runner.RunParallel -->
